<?xml version="1.0" encoding="utf-8"?>
<TestRun id="e5be47fb-937f-4331-9971-97b246e1fe4b" name="fokko@F-HOME 2023-11-21 18:54:31" runUser="F-HOME\fokko" xmlns="http://microsoft.com/schemas/VisualStudio/TeamTest/2010">
  <Times creation="2023-11-21T18:54:31.1375350+01:00" queuing="2023-11-21T18:54:31.1375353+01:00" start="2023-11-21T18:54:28.3145687+01:00" finish="2023-11-21T18:54:31.4400785+01:00" />
  <TestSettings name="default" id="4984a1d7-fc02-4554-8fb7-01e469db578f">
    <Deployment runDeploymentRoot="fokko_F-HOME_2023-11-21_18_54_31" />
  </TestSettings>
  <Results>
    <UnitTestResult executionId="5741f58b-9216-4c9d-8c56-c5e6b82b5e11" testId="206265fd-cb49-a9a3-4d2e-597676904ce7" testName="SkiServiceAPI.Tests.OrdersControllerTests.Create_ShouldCreateOrderWithUserAndNoteProxieAndMapItForAdmin" computerName="F-HOME" duration="00:00:00.0148836" startTime="2023-11-21T18:54:31.3035526+01:00" endTime="2023-11-21T18:54:31.3035528+01:00" testType="13cdc9d9-ddb5-4fa4-a97d-d965ccfc6d4b" outcome="Passed" testListId="8c84fa94-04c1-424b-9868-57a2d4851a1d" relativeResultsDirectory="5741f58b-9216-4c9d-8c56-c5e6b82b5e11" />
    <UnitTestResult executionId="a54a9f5a-47e9-413e-9ad3-9e7d79d53946" testId="d623e7cd-648b-decf-b41c-cb9800db6aa4" testName="SkiServiceAPI.Tests.GenericControllerTests.Get_ShouldMapToAdminResposeDTO" computerName="F-HOME" duration="00:00:00.0059305" startTime="2023-11-21T18:54:31.2307315+01:00" endTime="2023-11-21T18:54:31.2307319+01:00" testType="13cdc9d9-ddb5-4fa4-a97d-d965ccfc6d4b" outcome="Passed" testListId="8c84fa94-04c1-424b-9868-57a2d4851a1d" relativeResultsDirectory="a54a9f5a-47e9-413e-9ad3-9e7d79d53946" />
    <UnitTestResult executionId="6944ad71-c7c5-4e43-bded-407185cc5d18" testId="5c1a80d6-6305-e65f-7538-f60f5b1c4dd7" testName="SkiServiceAPI.Tests.GenericControllerTests.Delete_ShouldReturn200Status" computerName="F-HOME" duration="00:00:00.0048056" startTime="2023-11-21T18:54:31.1145470+01:00" endTime="2023-11-21T18:54:31.1145474+01:00" testType="13cdc9d9-ddb5-4fa4-a97d-d965ccfc6d4b" outcome="Passed" testListId="8c84fa94-04c1-424b-9868-57a2d4851a1d" relativeResultsDirectory="6944ad71-c7c5-4e43-bded-407185cc5d18" />
    <UnitTestResult executionId="2543edf8-51a4-460b-b85f-17b8b63e4753" testId="45c163c0-40aa-4a08-1ed9-31137da4c7a9" testName="SkiServiceAPI.Tests.GenericControllerTests.Update_ShouldReturn404Status" computerName="F-HOME" duration="00:00:00.0049819" startTime="2023-11-21T18:54:31.1879006+01:00" endTime="2023-11-21T18:54:31.1879008+01:00" testType="13cdc9d9-ddb5-4fa4-a97d-d965ccfc6d4b" outcome="Passed" testListId="8c84fa94-04c1-424b-9868-57a2d4851a1d" relativeResultsDirectory="2543edf8-51a4-460b-b85f-17b8b63e4753" />
    <UnitTestResult executionId="d3c77916-b785-48e7-b0f1-a579afc837b1" testId="b1eb1ebe-19ae-e6df-d8cf-55ce722238c7" testName="SkiServiceAPI.Tests.OrdersControllerTests.Create_ShouldCreateOrderWithUserAndNoteProxieAndMapItWithoutAuth" computerName="F-HOME" duration="00:00:00.0190952" startTime="2023-11-21T18:54:31.2885570+01:00" endTime="2023-11-21T18:54:31.2885575+01:00" testType="13cdc9d9-ddb5-4fa4-a97d-d965ccfc6d4b" outcome="Passed" testListId="8c84fa94-04c1-424b-9868-57a2d4851a1d" relativeResultsDirectory="d3c77916-b785-48e7-b0f1-a579afc837b1" />
    <UnitTestResult executionId="05205f28-80c5-41a3-acfe-d925f2764f30" testId="8657fc2f-1b41-c5a3-5c85-7e2b3e7d0dbb" testName="SkiServiceAPI.Tests.OrdersControllerTests.Create_ShouldCreateBasicOrderProxieAndMapItForAdmin" computerName="F-HOME" duration="00:00:00.1123510" startTime="2023-11-21T18:54:31.2693145+01:00" endTime="2023-11-21T18:54:31.2693147+01:00" testType="13cdc9d9-ddb5-4fa4-a97d-d965ccfc6d4b" outcome="Passed" testListId="8c84fa94-04c1-424b-9868-57a2d4851a1d" relativeResultsDirectory="05205f28-80c5-41a3-acfe-d925f2764f30" />
    <UnitTestResult executionId="b86e812d-5f1e-497e-8671-41d8cba4feb1" testId="4612f463-c3a5-4d55-7b98-1f6bc3aad446" testName="SkiServiceAPI.Tests.GenericControllerTests.Create_ShouldMapToResposeDTO" computerName="F-HOME" duration="00:00:00.8207375" startTime="2023-11-21T18:54:31.0171102+01:00" endTime="2023-11-21T18:54:31.0171319+01:00" testType="13cdc9d9-ddb5-4fa4-a97d-d965ccfc6d4b" outcome="Passed" testListId="8c84fa94-04c1-424b-9868-57a2d4851a1d" relativeResultsDirectory="b86e812d-5f1e-497e-8671-41d8cba4feb1" />
    <UnitTestResult executionId="c01fd0f7-c6fd-4cba-8e23-4650ce2a6e93" testId="1473e2b0-432d-35bb-eb8f-3217d576f1a9" testName="SkiServiceAPI.Tests.GenericControllerTests.Get_ShouldReturn200Status" computerName="F-HOME" duration="00:00:00.0084981" startTime="2023-11-21T18:54:31.1392726+01:00" endTime="2023-11-21T18:54:31.1392730+01:00" testType="13cdc9d9-ddb5-4fa4-a97d-d965ccfc6d4b" outcome="Passed" testListId="8c84fa94-04c1-424b-9868-57a2d4851a1d" relativeResultsDirectory="c01fd0f7-c6fd-4cba-8e23-4650ce2a6e93" />
    <UnitTestResult executionId="75d7d905-e787-4bfc-a23b-c92d66b5c6ab" testId="1526fff8-b650-b56c-26cc-e831ea3c2c7c" testName="SkiServiceAPI.Tests.GenericControllerTests.GetAll_ShouldReturn200Status" computerName="F-HOME" duration="00:00:00.0099380" startTime="2023-11-21T18:54:31.2860839+01:00" endTime="2023-11-21T18:54:31.2860842+01:00" testType="13cdc9d9-ddb5-4fa4-a97d-d965ccfc6d4b" outcome="Passed" testListId="8c84fa94-04c1-424b-9868-57a2d4851a1d" relativeResultsDirectory="75d7d905-e787-4bfc-a23b-c92d66b5c6ab" />
    <UnitTestResult executionId="bbbcc9f2-696d-47cc-82b0-8cfe01820c32" testId="1a23871a-0b57-6713-2267-d4513f8910bd" testName="SkiServiceAPI.Tests.GenericControllerTests.Update_ShouldHideDeletedToUser" computerName="F-HOME" duration="00:00:00.0103297" startTime="2023-11-21T18:54:31.2461425+01:00" endTime="2023-11-21T18:54:31.2461428+01:00" testType="13cdc9d9-ddb5-4fa4-a97d-d965ccfc6d4b" outcome="Passed" testListId="8c84fa94-04c1-424b-9868-57a2d4851a1d" relativeResultsDirectory="bbbcc9f2-696d-47cc-82b0-8cfe01820c32" />
    <UnitTestResult executionId="eab83dc0-bba0-402d-8a49-e2a9578dfc85" testId="3a41762a-5cc4-d71d-db78-2c778597d534" testName="SkiServiceAPI.Tests.GenericControllerTests.GetAll_ShouldMapToAdminResponseDTO" computerName="F-HOME" duration="00:00:00.0090516" startTime="2023-11-21T18:54:31.1828267+01:00" endTime="2023-11-21T18:54:31.1828272+01:00" testType="13cdc9d9-ddb5-4fa4-a97d-d965ccfc6d4b" outcome="Passed" testListId="8c84fa94-04c1-424b-9868-57a2d4851a1d" relativeResultsDirectory="eab83dc0-bba0-402d-8a49-e2a9578dfc85" />
    <UnitTestResult executionId="a8b1e749-6a12-4ca1-9aed-88924d82fe1a" testId="3b02472d-ab2a-6c92-a534-f3980eca8398" testName="SkiServiceAPI.Tests.GenericControllerTests.Delete_ShouldReturn404Status" computerName="F-HOME" duration="00:00:00.0144666" startTime="2023-11-21T18:54:31.1736571+01:00" endTime="2023-11-21T18:54:31.1736575+01:00" testType="13cdc9d9-ddb5-4fa4-a97d-d965ccfc6d4b" outcome="Passed" testListId="8c84fa94-04c1-424b-9868-57a2d4851a1d" relativeResultsDirectory="a8b1e749-6a12-4ca1-9aed-88924d82fe1a" />
    <UnitTestResult executionId="1d2f4651-3c7b-4610-8c7b-6d151052892b" testId="ed57756d-54b7-41e1-09a1-3e087d481c6c" testName="SkiServiceAPI.Tests.GenericControllerTests.Update_ShouldMapToResposeDTO" computerName="F-HOME" duration="00:00:00.0085016" startTime="2023-11-21T18:54:31.1231264+01:00" endTime="2023-11-21T18:54:31.1231265+01:00" testType="13cdc9d9-ddb5-4fa4-a97d-d965ccfc6d4b" outcome="Passed" testListId="8c84fa94-04c1-424b-9868-57a2d4851a1d" relativeResultsDirectory="1d2f4651-3c7b-4610-8c7b-6d151052892b" />
    <UnitTestResult executionId="e250c17f-6fdd-493f-8768-798831442b2d" testId="d2a706ae-bcf8-0504-54b6-6554db6c4ee6" testName="SkiServiceAPI.Tests.GenericControllerTests.GetAll_ShouldShowDeletedToAdmin" computerName="F-HOME" duration="00:00:00.0134849" startTime="2023-11-21T18:54:31.1590369+01:00" endTime="2023-11-21T18:54:31.1590373+01:00" testType="13cdc9d9-ddb5-4fa4-a97d-d965ccfc6d4b" outcome="Passed" testListId="8c84fa94-04c1-424b-9868-57a2d4851a1d" relativeResultsDirectory="e250c17f-6fdd-493f-8768-798831442b2d" />
    <UnitTestResult executionId="8f654662-b661-42b1-a870-27dd71ebdb0d" testId="db0f24ea-73fe-b9b5-8a96-b005d381d753" testName="SkiServiceAPI.Tests.OrdersControllerTests.GetByService_ShouldReturnOnlyOrdersWithThatService" computerName="F-HOME" duration="00:00:00.0267222" startTime="2023-11-21T18:54:31.3706724+01:00" endTime="2023-11-21T18:54:31.3706730+01:00" testType="13cdc9d9-ddb5-4fa4-a97d-d965ccfc6d4b" outcome="Passed" testListId="8c84fa94-04c1-424b-9868-57a2d4851a1d" relativeResultsDirectory="8f654662-b661-42b1-a870-27dd71ebdb0d" />
    <UnitTestResult executionId="4d8b4eed-42b8-472f-a043-fb496c190f05" testId="29df0212-8947-f8ba-8e12-145ee1538be8" testName="SkiServiceAPI.Tests.OrdersControllerTests.Create_ShouldCreateBasicOrderProxieAndMapItWithoutAuth" computerName="F-HOME" duration="00:00:00.0147081" startTime="2023-11-21T18:54:31.3438162+01:00" endTime="2023-11-21T18:54:31.3438165+01:00" testType="13cdc9d9-ddb5-4fa4-a97d-d965ccfc6d4b" outcome="Passed" testListId="8c84fa94-04c1-424b-9868-57a2d4851a1d" relativeResultsDirectory="4d8b4eed-42b8-472f-a043-fb496c190f05" />
    <UnitTestResult executionId="8776086a-6602-4628-ad4d-4bb84f6d53ac" testId="8f16a584-a877-033e-4830-9137a8ed2b4a" testName="SkiServiceAPI.Tests.GenericControllerTests.GetAll_ShouldMapToResponseDTO" computerName="F-HOME" duration="00:00:00.0085150" startTime="2023-11-21T18:54:31.2947083+01:00" endTime="2023-11-21T18:54:31.2947086+01:00" testType="13cdc9d9-ddb5-4fa4-a97d-d965ccfc6d4b" outcome="Passed" testListId="8c84fa94-04c1-424b-9868-57a2d4851a1d" relativeResultsDirectory="8776086a-6602-4628-ad4d-4bb84f6d53ac" />
    <UnitTestResult executionId="d6008b90-15cc-4e2a-b181-5dbe0c0878c4" testId="bc89e973-9e08-1f5c-61bb-1a04022fdde3" testName="SkiServiceAPI.Tests.GenericControllerTests.Get_ShouldHideDeletedToUser" computerName="F-HOME" duration="00:00:00.0048244" startTime="2023-11-21T18:54:31.2356707+01:00" endTime="2023-11-21T18:54:31.2356709+01:00" testType="13cdc9d9-ddb5-4fa4-a97d-d965ccfc6d4b" outcome="Passed" testListId="8c84fa94-04c1-424b-9868-57a2d4851a1d" relativeResultsDirectory="d6008b90-15cc-4e2a-b181-5dbe0c0878c4" />
    <UnitTestResult executionId="bd215c7a-813c-4970-94b7-40639adb5880" testId="fec5d9f6-a5e9-2810-1d64-1189cdd18e87" testName="SkiServiceAPI.Tests.GenericControllerTests.GetAll_ShouldHideDeletedToUser" computerName="F-HOME" duration="00:00:00.0214613" startTime="2023-11-21T18:54:31.2094621+01:00" endTime="2023-11-21T18:54:31.2094624+01:00" testType="13cdc9d9-ddb5-4fa4-a97d-d965ccfc6d4b" outcome="Passed" testListId="8c84fa94-04c1-424b-9868-57a2d4851a1d" relativeResultsDirectory="bd215c7a-813c-4970-94b7-40639adb5880" />
    <UnitTestResult executionId="e5da5255-7bfa-4478-bf72-898a9ce00377" testId="0b9f87e2-c6a5-53be-3d27-6dcc0874ec83" testName="SkiServiceAPI.Tests.GenericControllerTests.Create_ShouldReturn200Status" computerName="F-HOME" duration="00:00:00.0132300" startTime="2023-11-21T18:54:31.1096022+01:00" endTime="2023-11-21T18:54:31.1096026+01:00" testType="13cdc9d9-ddb5-4fa4-a97d-d965ccfc6d4b" outcome="Passed" testListId="8c84fa94-04c1-424b-9868-57a2d4851a1d" relativeResultsDirectory="e5da5255-7bfa-4478-bf72-898a9ce00377" />
    <UnitTestResult executionId="73c9613e-af95-4b5f-8795-462b7295c0d9" testId="7e918a19-bfc9-0e83-b628-e23e971e3500" testName="SkiServiceAPI.Tests.GenericControllerTests.Get_ShouldShowDeletedToAdmin" computerName="F-HOME" duration="00:00:00.0172607" startTime="2023-11-21T18:54:31.0962911+01:00" endTime="2023-11-21T18:54:31.0962913+01:00" testType="13cdc9d9-ddb5-4fa4-a97d-d965ccfc6d4b" outcome="Passed" testListId="8c84fa94-04c1-424b-9868-57a2d4851a1d" relativeResultsDirectory="73c9613e-af95-4b5f-8795-462b7295c0d9" />
    <UnitTestResult executionId="7d365a7f-f625-456c-9f66-795b4cd3de4a" testId="0aedf7c8-dd3a-381c-e299-22a99bbbaef0" testName="SkiServiceAPI.Tests.UsersControllerTests.Login_ShouldNotLoginNonExistingUser" computerName="F-HOME" duration="00:00:00.0171746" startTime="2023-11-21T18:54:31.1061759+01:00" endTime="2023-11-21T18:54:31.1061762+01:00" testType="13cdc9d9-ddb5-4fa4-a97d-d965ccfc6d4b" outcome="Passed" testListId="8c84fa94-04c1-424b-9868-57a2d4851a1d" relativeResultsDirectory="7d365a7f-f625-456c-9f66-795b4cd3de4a" />
    <UnitTestResult executionId="3e853a3c-7201-4893-8b6c-f4cab4bf0259" testId="af99ed4f-5cc0-cc04-8ad2-fae4a2dcb28b" testName="SkiServiceAPI.Tests.GenericControllerTests.Get_ShouldMapToResposeDTO" computerName="F-HOME" duration="00:00:00.0101002" startTime="2023-11-21T18:54:31.2197246+01:00" endTime="2023-11-21T18:54:31.2197248+01:00" testType="13cdc9d9-ddb5-4fa4-a97d-d965ccfc6d4b" outcome="Passed" testListId="8c84fa94-04c1-424b-9868-57a2d4851a1d" relativeResultsDirectory="3e853a3c-7201-4893-8b6c-f4cab4bf0259" />
    <UnitTestResult executionId="b5ea9907-c28f-4f6c-af03-be3fd3687a46" testId="d65648bf-b8ed-2629-f62e-8506d2e78213" testName="SkiServiceAPI.Tests.GenericControllerTests.Create_ShouldReturn400Status" computerName="F-HOME" duration="00:00:00.0112595" startTime="2023-11-21T18:54:31.2760174+01:00" endTime="2023-11-21T18:54:31.2760176+01:00" testType="13cdc9d9-ddb5-4fa4-a97d-d965ccfc6d4b" outcome="Passed" testListId="8c84fa94-04c1-424b-9868-57a2d4851a1d" relativeResultsDirectory="b5ea9907-c28f-4f6c-af03-be3fd3687a46" />
    <UnitTestResult executionId="33db182b-da2d-486d-b14f-c7730a745d1c" testId="12747f8d-7e1c-a15f-740e-7f08300e0b23" testName="SkiServiceAPI.Tests.GenericControllerTests.Get_ShouldReturn404Status" computerName="F-HOME" duration="00:00:00.0082606" startTime="2023-11-21T18:54:31.2646505+01:00" endTime="2023-11-21T18:54:31.2646506+01:00" testType="13cdc9d9-ddb5-4fa4-a97d-d965ccfc6d4b" outcome="Passed" testListId="8c84fa94-04c1-424b-9868-57a2d4851a1d" relativeResultsDirectory="33db182b-da2d-486d-b14f-c7730a745d1c" />
    <UnitTestResult executionId="69bb3c7d-db60-4838-a2e6-14e46110e1ad" testId="cbbd55f9-dd77-5c5d-171b-032f5aaa3688" testName="SkiServiceAPI.Tests.UsersControllerTests.Login_ShouldNotLoginLockedUser" computerName="F-HOME" duration="00:00:00.0067839" startTime="2023-11-21T18:54:31.1225697+01:00" endTime="2023-11-21T18:54:31.1225698+01:00" testType="13cdc9d9-ddb5-4fa4-a97d-d965ccfc6d4b" outcome="Passed" testListId="8c84fa94-04c1-424b-9868-57a2d4851a1d" relativeResultsDirectory="69bb3c7d-db60-4838-a2e6-14e46110e1ad" />
    <UnitTestResult executionId="bf8fab37-495e-4487-a665-7dda6c98ded5" testId="f154f6db-bcc3-903e-1f96-f913c393c359" testName="SkiServiceAPI.Tests.GenericControllerTests.Update_ShouldMapToAdminResposeDTO" computerName="F-HOME" duration="00:00:00.0074433" startTime="2023-11-21T18:54:31.1306556+01:00" endTime="2023-11-21T18:54:31.1306560+01:00" testType="13cdc9d9-ddb5-4fa4-a97d-d965ccfc6d4b" outcome="Passed" testListId="8c84fa94-04c1-424b-9868-57a2d4851a1d" relativeResultsDirectory="bf8fab37-495e-4487-a665-7dda6c98ded5" />
    <UnitTestResult executionId="1c3f7423-60ce-4039-9973-3a35f360559e" testId="efc784ad-f3d4-f122-e66f-8d1f6ca9e1e5" testName="SkiServiceAPI.Tests.OrdersControllerTests.GetByState_ShouldReturnOnlyOrdersWithThatState" computerName="F-HOME" duration="00:00:00.9350498" startTime="2023-11-21T18:54:31.1271272+01:00" endTime="2023-11-21T18:54:31.1271273+01:00" testType="13cdc9d9-ddb5-4fa4-a97d-d965ccfc6d4b" outcome="Passed" testListId="8c84fa94-04c1-424b-9868-57a2d4851a1d" relativeResultsDirectory="1c3f7423-60ce-4039-9973-3a35f360559e" />
    <UnitTestResult executionId="dd8b28e8-e332-45bb-844d-59f56587398b" testId="3626a6c5-9c9f-f77b-1b8f-cfb56bb19710" testName="SkiServiceAPI.Tests.UsersControllerTests.Login_ShouldLoginUser" computerName="F-HOME" duration="00:00:00.8967433" startTime="2023-11-21T18:54:31.0888706+01:00" endTime="2023-11-21T18:54:31.0888708+01:00" testType="13cdc9d9-ddb5-4fa4-a97d-d965ccfc6d4b" outcome="Passed" testListId="8c84fa94-04c1-424b-9868-57a2d4851a1d" relativeResultsDirectory="dd8b28e8-e332-45bb-844d-59f56587398b" />
    <UnitTestResult executionId="fd24b304-88b0-4485-b3ca-c05e32fcbc7e" testId="62ac7bf9-c226-946e-3d2f-0915c962bd08" testName="SkiServiceAPI.Tests.GenericControllerTests.Create_ShouldMapToAdminResposeDTO" computerName="F-HOME" duration="00:00:00.0628653" startTime="2023-11-21T18:54:31.0790814+01:00" endTime="2023-11-21T18:54:31.0790817+01:00" testType="13cdc9d9-ddb5-4fa4-a97d-d965ccfc6d4b" outcome="Passed" testListId="8c84fa94-04c1-424b-9868-57a2d4851a1d" relativeResultsDirectory="fd24b304-88b0-4485-b3ca-c05e32fcbc7e" />
    <UnitTestResult executionId="6d7c00b9-3d0f-4e3e-af70-e1cfcdaaa433" testId="d93e5b8b-81b2-bb75-2adf-7d028de467c3" testName="SkiServiceAPI.Tests.GenericControllerTests.Update_ShouldReturn200Status" computerName="F-HOME" duration="00:00:00.0060777" startTime="2023-11-21T18:54:31.1454598+01:00" endTime="2023-11-21T18:54:31.1454600+01:00" testType="13cdc9d9-ddb5-4fa4-a97d-d965ccfc6d4b" outcome="Passed" testListId="8c84fa94-04c1-424b-9868-57a2d4851a1d" relativeResultsDirectory="6d7c00b9-3d0f-4e3e-af70-e1cfcdaaa433" />
    <UnitTestResult executionId="bcbc6143-5f6a-47d6-a0a0-9e025608fa07" testId="9d9b7076-cff4-8f08-8ee5-7646c7c05abe" testName="SkiServiceAPI.Tests.GenericControllerTests.Update_ShouldShowDeletedToAdmin" computerName="F-HOME" duration="00:00:00.0100610" startTime="2023-11-21T18:54:31.2563033+01:00" endTime="2023-11-21T18:54:31.2563037+01:00" testType="13cdc9d9-ddb5-4fa4-a97d-d965ccfc6d4b" outcome="Passed" testListId="8c84fa94-04c1-424b-9868-57a2d4851a1d" relativeResultsDirectory="bcbc6143-5f6a-47d6-a0a0-9e025608fa07" />
    <UnitTestResult executionId="66b89009-34a1-48e5-b255-ede824800985" testId="c3142209-7910-8ae0-a73d-a7638f4bffb8" testName="SkiServiceAPI.Tests.GenericControllerTests.Delete_ShouldBeDeleteResponse" computerName="F-HOME" duration="00:00:00.0049165" startTime="2023-11-21T18:54:31.2247278+01:00" endTime="2023-11-21T18:54:31.2247280+01:00" testType="13cdc9d9-ddb5-4fa4-a97d-d965ccfc6d4b" outcome="Passed" testListId="8c84fa94-04c1-424b-9868-57a2d4851a1d" relativeResultsDirectory="66b89009-34a1-48e5-b255-ede824800985" />
    <UnitTestResult executionId="9de36cfa-03ec-4e81-85bc-c0338d27b7ae" testId="45007779-7589-58e7-a1dd-d36cb88c06b5" testName="SkiServiceAPI.Tests.UsersControllerTests.Login_ShouldNotLoginUserWithWrongPassword" computerName="F-HOME" duration="00:00:00.0058362" startTime="2023-11-21T18:54:31.1121032+01:00" endTime="2023-11-21T18:54:31.1121033+01:00" testType="13cdc9d9-ddb5-4fa4-a97d-d965ccfc6d4b" outcome="Passed" testListId="8c84fa94-04c1-424b-9868-57a2d4851a1d" relativeResultsDirectory="9de36cfa-03ec-4e81-85bc-c0338d27b7ae" />
    <UnitTestResult executionId="20b1d69b-e855-4172-b02f-f548dad9fdf1" testId="32cf528f-da9c-fcab-7223-0f47ea7afa96" testName="SkiServiceAPI.Tests.OrdersControllerTests.GetByUser_ShouldReturnOnlyOrdersWithThatUser" computerName="F-HOME" duration="00:00:00.0252808" startTime="2023-11-21T18:54:31.3289457+01:00" endTime="2023-11-21T18:54:31.3289461+01:00" testType="13cdc9d9-ddb5-4fa4-a97d-d965ccfc6d4b" outcome="Passed" testListId="8c84fa94-04c1-424b-9868-57a2d4851a1d" relativeResultsDirectory="20b1d69b-e855-4172-b02f-f548dad9fdf1" />
    <UnitTestResult executionId="9118e026-549e-47b2-adfe-5a218a096aed" testId="a3298236-967d-1aa6-8070-9e84191c23d9" testName="SkiServiceAPI.Tests.UsersControllerTests.Login_ThreeFailsShouldLock" computerName="F-HOME" duration="00:00:00.0069356" startTime="2023-11-21T18:54:31.1260056+01:00" endTime="2023-11-21T18:54:31.1260058+01:00" testType="13cdc9d9-ddb5-4fa4-a97d-d965ccfc6d4b" outcome="Passed" testListId="8c84fa94-04c1-424b-9868-57a2d4851a1d" relativeResultsDirectory="9118e026-549e-47b2-adfe-5a218a096aed" />
    <UnitTestResult executionId="586a2c2d-6320-4c5a-bab3-f4408eeb8bf5" testId="33f94b8f-2554-a825-2aff-fab07a9c24e6" testName="SkiServiceAPI.Tests.OrdersControllerTests.GetByPriority_ShouldReturnOnlyOrdersWithThatPriority" computerName="F-HOME" duration="00:00:00.0296164" startTime="2023-11-21T18:54:31.1568630+01:00" endTime="2023-11-21T18:54:31.1568633+01:00" testType="13cdc9d9-ddb5-4fa4-a97d-d965ccfc6d4b" outcome="Passed" testListId="8c84fa94-04c1-424b-9868-57a2d4851a1d" relativeResultsDirectory="586a2c2d-6320-4c5a-bab3-f4408eeb8bf5" />
  </Results>
  <TestDefinitions>
    <UnitTest name="SkiServiceAPI.Tests.UsersControllerTests.Login_ShouldNotLoginUserWithWrongPassword" storage="c:\github\295-ski-service-management\skiserviceapi.tests\bin\debug\net7.0\skiserviceapi.tests.dll" id="45007779-7589-58e7-a1dd-d36cb88c06b5">
      <Execution id="9de36cfa-03ec-4e81-85bc-c0338d27b7ae" />
      <TestMethod codeBase="C:\Github\295-ski-service-management\SkiServiceAPI.Tests\bin\Debug\net7.0\SkiServiceAPI.Tests.dll" adapterTypeName="executor://xunit/VsTestRunner2/netcoreapp" className="SkiServiceAPI.Tests.UsersControllerTests" name="Login_ShouldNotLoginUserWithWrongPassword" />
    </UnitTest>
    <UnitTest name="SkiServiceAPI.Tests.UsersControllerTests.Login_ThreeFailsShouldLock" storage="c:\github\295-ski-service-management\skiserviceapi.tests\bin\debug\net7.0\skiserviceapi.tests.dll" id="a3298236-967d-1aa6-8070-9e84191c23d9">
      <Execution id="9118e026-549e-47b2-adfe-5a218a096aed" />
      <TestMethod codeBase="C:\Github\295-ski-service-management\SkiServiceAPI.Tests\bin\Debug\net7.0\SkiServiceAPI.Tests.dll" adapterTypeName="executor://xunit/VsTestRunner2/netcoreapp" className="SkiServiceAPI.Tests.UsersControllerTests" name="Login_ThreeFailsShouldLock" />
    </UnitTest>
    <UnitTest name="SkiServiceAPI.Tests.GenericControllerTests.Get_ShouldReturn404Status" storage="c:\github\295-ski-service-management\skiserviceapi.tests\bin\debug\net7.0\skiserviceapi.tests.dll" id="12747f8d-7e1c-a15f-740e-7f08300e0b23">
      <Execution id="33db182b-da2d-486d-b14f-c7730a745d1c" />
      <TestMethod codeBase="C:\Github\295-ski-service-management\SkiServiceAPI.Tests\bin\Debug\net7.0\SkiServiceAPI.Tests.dll" adapterTypeName="executor://xunit/VsTestRunner2/netcoreapp" className="SkiServiceAPI.Tests.GenericControllerTests" name="Get_ShouldReturn404Status" />
    </UnitTest>
    <UnitTest name="SkiServiceAPI.Tests.UsersControllerTests.Login_ShouldLoginUser" storage="c:\github\295-ski-service-management\skiserviceapi.tests\bin\debug\net7.0\skiserviceapi.tests.dll" id="3626a6c5-9c9f-f77b-1b8f-cfb56bb19710">
      <Execution id="dd8b28e8-e332-45bb-844d-59f56587398b" />
      <TestMethod codeBase="C:\Github\295-ski-service-management\SkiServiceAPI.Tests\bin\Debug\net7.0\SkiServiceAPI.Tests.dll" adapterTypeName="executor://xunit/VsTestRunner2/netcoreapp" className="SkiServiceAPI.Tests.UsersControllerTests" name="Login_ShouldLoginUser" />
    </UnitTest>
    <UnitTest name="SkiServiceAPI.Tests.GenericControllerTests.Create_ShouldReturn400Status" storage="c:\github\295-ski-service-management\skiserviceapi.tests\bin\debug\net7.0\skiserviceapi.tests.dll" id="d65648bf-b8ed-2629-f62e-8506d2e78213">
      <Execution id="b5ea9907-c28f-4f6c-af03-be3fd3687a46" />
      <TestMethod codeBase="C:\Github\295-ski-service-management\SkiServiceAPI.Tests\bin\Debug\net7.0\SkiServiceAPI.Tests.dll" adapterTypeName="executor://xunit/VsTestRunner2/netcoreapp" className="SkiServiceAPI.Tests.GenericControllerTests" name="Create_ShouldReturn400Status" />
    </UnitTest>
    <UnitTest name="SkiServiceAPI.Tests.GenericControllerTests.Get_ShouldMapToResposeDTO" storage="c:\github\295-ski-service-management\skiserviceapi.tests\bin\debug\net7.0\skiserviceapi.tests.dll" id="af99ed4f-5cc0-cc04-8ad2-fae4a2dcb28b">
      <Execution id="3e853a3c-7201-4893-8b6c-f4cab4bf0259" />
      <TestMethod codeBase="C:\Github\295-ski-service-management\SkiServiceAPI.Tests\bin\Debug\net7.0\SkiServiceAPI.Tests.dll" adapterTypeName="executor://xunit/VsTestRunner2/netcoreapp" className="SkiServiceAPI.Tests.GenericControllerTests" name="Get_ShouldMapToResposeDTO" />
    </UnitTest>
    <UnitTest name="SkiServiceAPI.Tests.GenericControllerTests.Update_ShouldMapToAdminResposeDTO" storage="c:\github\295-ski-service-management\skiserviceapi.tests\bin\debug\net7.0\skiserviceapi.tests.dll" id="f154f6db-bcc3-903e-1f96-f913c393c359">
      <Execution id="bf8fab37-495e-4487-a665-7dda6c98ded5" />
      <TestMethod codeBase="C:\Github\295-ski-service-management\SkiServiceAPI.Tests\bin\Debug\net7.0\SkiServiceAPI.Tests.dll" adapterTypeName="executor://xunit/VsTestRunner2/netcoreapp" className="SkiServiceAPI.Tests.GenericControllerTests" name="Update_ShouldMapToAdminResposeDTO" />
    </UnitTest>
    <UnitTest name="SkiServiceAPI.Tests.GenericControllerTests.GetAll_ShouldMapToAdminResponseDTO" storage="c:\github\295-ski-service-management\skiserviceapi.tests\bin\debug\net7.0\skiserviceapi.tests.dll" id="3a41762a-5cc4-d71d-db78-2c778597d534">
      <Execution id="eab83dc0-bba0-402d-8a49-e2a9578dfc85" />
      <TestMethod codeBase="C:\Github\295-ski-service-management\SkiServiceAPI.Tests\bin\Debug\net7.0\SkiServiceAPI.Tests.dll" adapterTypeName="executor://xunit/VsTestRunner2/netcoreapp" className="SkiServiceAPI.Tests.GenericControllerTests" name="GetAll_ShouldMapToAdminResponseDTO" />
    </UnitTest>
    <UnitTest name="SkiServiceAPI.Tests.GenericControllerTests.Create_ShouldMapToResposeDTO" storage="c:\github\295-ski-service-management\skiserviceapi.tests\bin\debug\net7.0\skiserviceapi.tests.dll" id="4612f463-c3a5-4d55-7b98-1f6bc3aad446">
      <Execution id="b86e812d-5f1e-497e-8671-41d8cba4feb1" />
      <TestMethod codeBase="C:\Github\295-ski-service-management\SkiServiceAPI.Tests\bin\Debug\net7.0\SkiServiceAPI.Tests.dll" adapterTypeName="executor://xunit/VsTestRunner2/netcoreapp" className="SkiServiceAPI.Tests.GenericControllerTests" name="Create_ShouldMapToResposeDTO" />
    </UnitTest>
    <UnitTest name="SkiServiceAPI.Tests.OrdersControllerTests.Create_ShouldCreateBasicOrderProxieAndMapItWithoutAuth" storage="c:\github\295-ski-service-management\skiserviceapi.tests\bin\debug\net7.0\skiserviceapi.tests.dll" id="29df0212-8947-f8ba-8e12-145ee1538be8">
      <Execution id="4d8b4eed-42b8-472f-a043-fb496c190f05" />
      <TestMethod codeBase="C:\Github\295-ski-service-management\SkiServiceAPI.Tests\bin\Debug\net7.0\SkiServiceAPI.Tests.dll" adapterTypeName="executor://xunit/VsTestRunner2/netcoreapp" className="SkiServiceAPI.Tests.OrdersControllerTests" name="Create_ShouldCreateBasicOrderProxieAndMapItWithoutAuth" />
    </UnitTest>
    <UnitTest name="SkiServiceAPI.Tests.OrdersControllerTests.GetByPriority_ShouldReturnOnlyOrdersWithThatPriority" storage="c:\github\295-ski-service-management\skiserviceapi.tests\bin\debug\net7.0\skiserviceapi.tests.dll" id="33f94b8f-2554-a825-2aff-fab07a9c24e6">
      <Execution id="586a2c2d-6320-4c5a-bab3-f4408eeb8bf5" />
      <TestMethod codeBase="C:\Github\295-ski-service-management\SkiServiceAPI.Tests\bin\Debug\net7.0\SkiServiceAPI.Tests.dll" adapterTypeName="executor://xunit/VsTestRunner2/netcoreapp" className="SkiServiceAPI.Tests.OrdersControllerTests" name="GetByPriority_ShouldReturnOnlyOrdersWithThatPriority" />
    </UnitTest>
    <UnitTest name="SkiServiceAPI.Tests.OrdersControllerTests.Create_ShouldCreateBasicOrderProxieAndMapItForAdmin" storage="c:\github\295-ski-service-management\skiserviceapi.tests\bin\debug\net7.0\skiserviceapi.tests.dll" id="8657fc2f-1b41-c5a3-5c85-7e2b3e7d0dbb">
      <Execution id="05205f28-80c5-41a3-acfe-d925f2764f30" />
      <TestMethod codeBase="C:\Github\295-ski-service-management\SkiServiceAPI.Tests\bin\Debug\net7.0\SkiServiceAPI.Tests.dll" adapterTypeName="executor://xunit/VsTestRunner2/netcoreapp" className="SkiServiceAPI.Tests.OrdersControllerTests" name="Create_ShouldCreateBasicOrderProxieAndMapItForAdmin" />
    </UnitTest>
    <UnitTest name="SkiServiceAPI.Tests.GenericControllerTests.Get_ShouldReturn200Status" storage="c:\github\295-ski-service-management\skiserviceapi.tests\bin\debug\net7.0\skiserviceapi.tests.dll" id="1473e2b0-432d-35bb-eb8f-3217d576f1a9">
      <Execution id="c01fd0f7-c6fd-4cba-8e23-4650ce2a6e93" />
      <TestMethod codeBase="C:\Github\295-ski-service-management\SkiServiceAPI.Tests\bin\Debug\net7.0\SkiServiceAPI.Tests.dll" adapterTypeName="executor://xunit/VsTestRunner2/netcoreapp" className="SkiServiceAPI.Tests.GenericControllerTests" name="Get_ShouldReturn200Status" />
    </UnitTest>
    <UnitTest name="SkiServiceAPI.Tests.GenericControllerTests.Delete_ShouldReturn200Status" storage="c:\github\295-ski-service-management\skiserviceapi.tests\bin\debug\net7.0\skiserviceapi.tests.dll" id="5c1a80d6-6305-e65f-7538-f60f5b1c4dd7">
      <Execution id="6944ad71-c7c5-4e43-bded-407185cc5d18" />
      <TestMethod codeBase="C:\Github\295-ski-service-management\SkiServiceAPI.Tests\bin\Debug\net7.0\SkiServiceAPI.Tests.dll" adapterTypeName="executor://xunit/VsTestRunner2/netcoreapp" className="SkiServiceAPI.Tests.GenericControllerTests" name="Delete_ShouldReturn200Status" />
    </UnitTest>
    <UnitTest name="SkiServiceAPI.Tests.GenericControllerTests.Update_ShouldReturn200Status" storage="c:\github\295-ski-service-management\skiserviceapi.tests\bin\debug\net7.0\skiserviceapi.tests.dll" id="d93e5b8b-81b2-bb75-2adf-7d028de467c3">
      <Execution id="6d7c00b9-3d0f-4e3e-af70-e1cfcdaaa433" />
      <TestMethod codeBase="C:\Github\295-ski-service-management\SkiServiceAPI.Tests\bin\Debug\net7.0\SkiServiceAPI.Tests.dll" adapterTypeName="executor://xunit/VsTestRunner2/netcoreapp" className="SkiServiceAPI.Tests.GenericControllerTests" name="Update_ShouldReturn200Status" />
    </UnitTest>
    <UnitTest name="SkiServiceAPI.Tests.OrdersControllerTests.GetByService_ShouldReturnOnlyOrdersWithThatService" storage="c:\github\295-ski-service-management\skiserviceapi.tests\bin\debug\net7.0\skiserviceapi.tests.dll" id="db0f24ea-73fe-b9b5-8a96-b005d381d753">
      <Execution id="8f654662-b661-42b1-a870-27dd71ebdb0d" />
      <TestMethod codeBase="C:\Github\295-ski-service-management\SkiServiceAPI.Tests\bin\Debug\net7.0\SkiServiceAPI.Tests.dll" adapterTypeName="executor://xunit/VsTestRunner2/netcoreapp" className="SkiServiceAPI.Tests.OrdersControllerTests" name="GetByService_ShouldReturnOnlyOrdersWithThatService" />
    </UnitTest>
    <UnitTest name="SkiServiceAPI.Tests.OrdersControllerTests.Create_ShouldCreateOrderWithUserAndNoteProxieAndMapItForAdmin" storage="c:\github\295-ski-service-management\skiserviceapi.tests\bin\debug\net7.0\skiserviceapi.tests.dll" id="206265fd-cb49-a9a3-4d2e-597676904ce7">
      <Execution id="5741f58b-9216-4c9d-8c56-c5e6b82b5e11" />
      <TestMethod codeBase="C:\Github\295-ski-service-management\SkiServiceAPI.Tests\bin\Debug\net7.0\SkiServiceAPI.Tests.dll" adapterTypeName="executor://xunit/VsTestRunner2/netcoreapp" className="SkiServiceAPI.Tests.OrdersControllerTests" name="Create_ShouldCreateOrderWithUserAndNoteProxieAndMapItForAdmin" />
    </UnitTest>
    <UnitTest name="SkiServiceAPI.Tests.UsersControllerTests.Login_ShouldNotLoginLockedUser" storage="c:\github\295-ski-service-management\skiserviceapi.tests\bin\debug\net7.0\skiserviceapi.tests.dll" id="cbbd55f9-dd77-5c5d-171b-032f5aaa3688">
      <Execution id="69bb3c7d-db60-4838-a2e6-14e46110e1ad" />
      <TestMethod codeBase="C:\Github\295-ski-service-management\SkiServiceAPI.Tests\bin\Debug\net7.0\SkiServiceAPI.Tests.dll" adapterTypeName="executor://xunit/VsTestRunner2/netcoreapp" className="SkiServiceAPI.Tests.UsersControllerTests" name="Login_ShouldNotLoginLockedUser" />
    </UnitTest>
    <UnitTest name="SkiServiceAPI.Tests.GenericControllerTests.GetAll_ShouldReturn200Status" storage="c:\github\295-ski-service-management\skiserviceapi.tests\bin\debug\net7.0\skiserviceapi.tests.dll" id="1526fff8-b650-b56c-26cc-e831ea3c2c7c">
      <Execution id="75d7d905-e787-4bfc-a23b-c92d66b5c6ab" />
      <TestMethod codeBase="C:\Github\295-ski-service-management\SkiServiceAPI.Tests\bin\Debug\net7.0\SkiServiceAPI.Tests.dll" adapterTypeName="executor://xunit/VsTestRunner2/netcoreapp" className="SkiServiceAPI.Tests.GenericControllerTests" name="GetAll_ShouldReturn200Status" />
    </UnitTest>
    <UnitTest name="SkiServiceAPI.Tests.GenericControllerTests.Get_ShouldHideDeletedToUser" storage="c:\github\295-ski-service-management\skiserviceapi.tests\bin\debug\net7.0\skiserviceapi.tests.dll" id="bc89e973-9e08-1f5c-61bb-1a04022fdde3">
      <Execution id="d6008b90-15cc-4e2a-b181-5dbe0c0878c4" />
      <TestMethod codeBase="C:\Github\295-ski-service-management\SkiServiceAPI.Tests\bin\Debug\net7.0\SkiServiceAPI.Tests.dll" adapterTypeName="executor://xunit/VsTestRunner2/netcoreapp" className="SkiServiceAPI.Tests.GenericControllerTests" name="Get_ShouldHideDeletedToUser" />
    </UnitTest>
    <UnitTest name="SkiServiceAPI.Tests.GenericControllerTests.Create_ShouldReturn200Status" storage="c:\github\295-ski-service-management\skiserviceapi.tests\bin\debug\net7.0\skiserviceapi.tests.dll" id="0b9f87e2-c6a5-53be-3d27-6dcc0874ec83">
      <Execution id="e5da5255-7bfa-4478-bf72-898a9ce00377" />
      <TestMethod codeBase="C:\Github\295-ski-service-management\SkiServiceAPI.Tests\bin\Debug\net7.0\SkiServiceAPI.Tests.dll" adapterTypeName="executor://xunit/VsTestRunner2/netcoreapp" className="SkiServiceAPI.Tests.GenericControllerTests" name="Create_ShouldReturn200Status" />
    </UnitTest>
    <UnitTest name="SkiServiceAPI.Tests.GenericControllerTests.Update_ShouldHideDeletedToUser" storage="c:\github\295-ski-service-management\skiserviceapi.tests\bin\debug\net7.0\skiserviceapi.tests.dll" id="1a23871a-0b57-6713-2267-d4513f8910bd">
      <Execution id="bbbcc9f2-696d-47cc-82b0-8cfe01820c32" />
      <TestMethod codeBase="C:\Github\295-ski-service-management\SkiServiceAPI.Tests\bin\Debug\net7.0\SkiServiceAPI.Tests.dll" adapterTypeName="executor://xunit/VsTestRunner2/netcoreapp" className="SkiServiceAPI.Tests.GenericControllerTests" name="Update_ShouldHideDeletedToUser" />
    </UnitTest>
    <UnitTest name="SkiServiceAPI.Tests.GenericControllerTests.Update_ShouldMapToResposeDTO" storage="c:\github\295-ski-service-management\skiserviceapi.tests\bin\debug\net7.0\skiserviceapi.tests.dll" id="ed57756d-54b7-41e1-09a1-3e087d481c6c">
      <Execution id="1d2f4651-3c7b-4610-8c7b-6d151052892b" />
      <TestMethod codeBase="C:\Github\295-ski-service-management\SkiServiceAPI.Tests\bin\Debug\net7.0\SkiServiceAPI.Tests.dll" adapterTypeName="executor://xunit/VsTestRunner2/netcoreapp" className="SkiServiceAPI.Tests.GenericControllerTests" name="Update_ShouldMapToResposeDTO" />
    </UnitTest>
    <UnitTest name="SkiServiceAPI.Tests.OrdersControllerTests.GetByState_ShouldReturnOnlyOrdersWithThatState" storage="c:\github\295-ski-service-management\skiserviceapi.tests\bin\debug\net7.0\skiserviceapi.tests.dll" id="efc784ad-f3d4-f122-e66f-8d1f6ca9e1e5">
      <Execution id="1c3f7423-60ce-4039-9973-3a35f360559e" />
      <TestMethod codeBase="C:\Github\295-ski-service-management\SkiServiceAPI.Tests\bin\Debug\net7.0\SkiServiceAPI.Tests.dll" adapterTypeName="executor://xunit/VsTestRunner2/netcoreapp" className="SkiServiceAPI.Tests.OrdersControllerTests" name="GetByState_ShouldReturnOnlyOrdersWithThatState" />
    </UnitTest>
    <UnitTest name="SkiServiceAPI.Tests.GenericControllerTests.Create_ShouldMapToAdminResposeDTO" storage="c:\github\295-ski-service-management\skiserviceapi.tests\bin\debug\net7.0\skiserviceapi.tests.dll" id="62ac7bf9-c226-946e-3d2f-0915c962bd08">
      <Execution id="fd24b304-88b0-4485-b3ca-c05e32fcbc7e" />
      <TestMethod codeBase="C:\Github\295-ski-service-management\SkiServiceAPI.Tests\bin\Debug\net7.0\SkiServiceAPI.Tests.dll" adapterTypeName="executor://xunit/VsTestRunner2/netcoreapp" className="SkiServiceAPI.Tests.GenericControllerTests" name="Create_ShouldMapToAdminResposeDTO" />
    </UnitTest>
    <UnitTest name="SkiServiceAPI.Tests.GenericControllerTests.GetAll_ShouldMapToResponseDTO" storage="c:\github\295-ski-service-management\skiserviceapi.tests\bin\debug\net7.0\skiserviceapi.tests.dll" id="8f16a584-a877-033e-4830-9137a8ed2b4a">
      <Execution id="8776086a-6602-4628-ad4d-4bb84f6d53ac" />
      <TestMethod codeBase="C:\Github\295-ski-service-management\SkiServiceAPI.Tests\bin\Debug\net7.0\SkiServiceAPI.Tests.dll" adapterTypeName="executor://xunit/VsTestRunner2/netcoreapp" className="SkiServiceAPI.Tests.GenericControllerTests" name="GetAll_ShouldMapToResponseDTO" />
    </UnitTest>
    <UnitTest name="SkiServiceAPI.Tests.GenericControllerTests.Get_ShouldShowDeletedToAdmin" storage="c:\github\295-ski-service-management\skiserviceapi.tests\bin\debug\net7.0\skiserviceapi.tests.dll" id="7e918a19-bfc9-0e83-b628-e23e971e3500">
      <Execution id="73c9613e-af95-4b5f-8795-462b7295c0d9" />
      <TestMethod codeBase="C:\Github\295-ski-service-management\SkiServiceAPI.Tests\bin\Debug\net7.0\SkiServiceAPI.Tests.dll" adapterTypeName="executor://xunit/VsTestRunner2/netcoreapp" className="SkiServiceAPI.Tests.GenericControllerTests" name="Get_ShouldShowDeletedToAdmin" />
    </UnitTest>
    <UnitTest name="SkiServiceAPI.Tests.GenericControllerTests.Delete_ShouldReturn404Status" storage="c:\github\295-ski-service-management\skiserviceapi.tests\bin\debug\net7.0\skiserviceapi.tests.dll" id="3b02472d-ab2a-6c92-a534-f3980eca8398">
      <Execution id="a8b1e749-6a12-4ca1-9aed-88924d82fe1a" />
      <TestMethod codeBase="C:\Github\295-ski-service-management\SkiServiceAPI.Tests\bin\Debug\net7.0\SkiServiceAPI.Tests.dll" adapterTypeName="executor://xunit/VsTestRunner2/netcoreapp" className="SkiServiceAPI.Tests.GenericControllerTests" name="Delete_ShouldReturn404Status" />
    </UnitTest>
    <UnitTest name="SkiServiceAPI.Tests.OrdersControllerTests.Create_ShouldCreateOrderWithUserAndNoteProxieAndMapItWithoutAuth" storage="c:\github\295-ski-service-management\skiserviceapi.tests\bin\debug\net7.0\skiserviceapi.tests.dll" id="b1eb1ebe-19ae-e6df-d8cf-55ce722238c7">
      <Execution id="d3c77916-b785-48e7-b0f1-a579afc837b1" />
      <TestMethod codeBase="C:\Github\295-ski-service-management\SkiServiceAPI.Tests\bin\Debug\net7.0\SkiServiceAPI.Tests.dll" adapterTypeName="executor://xunit/VsTestRunner2/netcoreapp" className="SkiServiceAPI.Tests.OrdersControllerTests" name="Create_ShouldCreateOrderWithUserAndNoteProxieAndMapItWithoutAuth" />
    </UnitTest>
    <UnitTest name="SkiServiceAPI.Tests.GenericControllerTests.Delete_ShouldBeDeleteResponse" storage="c:\github\295-ski-service-management\skiserviceapi.tests\bin\debug\net7.0\skiserviceapi.tests.dll" id="c3142209-7910-8ae0-a73d-a7638f4bffb8">
      <Execution id="66b89009-34a1-48e5-b255-ede824800985" />
      <TestMethod codeBase="C:\Github\295-ski-service-management\SkiServiceAPI.Tests\bin\Debug\net7.0\SkiServiceAPI.Tests.dll" adapterTypeName="executor://xunit/VsTestRunner2/netcoreapp" className="SkiServiceAPI.Tests.GenericControllerTests" name="Delete_ShouldBeDeleteResponse" />
    </UnitTest>
    <UnitTest name="SkiServiceAPI.Tests.GenericControllerTests.GetAll_ShouldShowDeletedToAdmin" storage="c:\github\295-ski-service-management\skiserviceapi.tests\bin\debug\net7.0\skiserviceapi.tests.dll" id="d2a706ae-bcf8-0504-54b6-6554db6c4ee6">
      <Execution id="e250c17f-6fdd-493f-8768-798831442b2d" />
      <TestMethod codeBase="C:\Github\295-ski-service-management\SkiServiceAPI.Tests\bin\Debug\net7.0\SkiServiceAPI.Tests.dll" adapterTypeName="executor://xunit/VsTestRunner2/netcoreapp" className="SkiServiceAPI.Tests.GenericControllerTests" name="GetAll_ShouldShowDeletedToAdmin" />
    </UnitTest>
    <UnitTest name="SkiServiceAPI.Tests.GenericControllerTests.Update_ShouldShowDeletedToAdmin" storage="c:\github\295-ski-service-management\skiserviceapi.tests\bin\debug\net7.0\skiserviceapi.tests.dll" id="9d9b7076-cff4-8f08-8ee5-7646c7c05abe">
      <Execution id="bcbc6143-5f6a-47d6-a0a0-9e025608fa07" />
      <TestMethod codeBase="C:\Github\295-ski-service-management\SkiServiceAPI.Tests\bin\Debug\net7.0\SkiServiceAPI.Tests.dll" adapterTypeName="executor://xunit/VsTestRunner2/netcoreapp" className="SkiServiceAPI.Tests.GenericControllerTests" name="Update_ShouldShowDeletedToAdmin" />
    </UnitTest>
    <UnitTest name="SkiServiceAPI.Tests.GenericControllerTests.Update_ShouldReturn404Status" storage="c:\github\295-ski-service-management\skiserviceapi.tests\bin\debug\net7.0\skiserviceapi.tests.dll" id="45c163c0-40aa-4a08-1ed9-31137da4c7a9">
      <Execution id="2543edf8-51a4-460b-b85f-17b8b63e4753" />
      <TestMethod codeBase="C:\Github\295-ski-service-management\SkiServiceAPI.Tests\bin\Debug\net7.0\SkiServiceAPI.Tests.dll" adapterTypeName="executor://xunit/VsTestRunner2/netcoreapp" className="SkiServiceAPI.Tests.GenericControllerTests" name="Update_ShouldReturn404Status" />
    </UnitTest>
    <UnitTest name="SkiServiceAPI.Tests.UsersControllerTests.Login_ShouldNotLoginNonExistingUser" storage="c:\github\295-ski-service-management\skiserviceapi.tests\bin\debug\net7.0\skiserviceapi.tests.dll" id="0aedf7c8-dd3a-381c-e299-22a99bbbaef0">
      <Execution id="7d365a7f-f625-456c-9f66-795b4cd3de4a" />
      <TestMethod codeBase="C:\Github\295-ski-service-management\SkiServiceAPI.Tests\bin\Debug\net7.0\SkiServiceAPI.Tests.dll" adapterTypeName="executor://xunit/VsTestRunner2/netcoreapp" className="SkiServiceAPI.Tests.UsersControllerTests" name="Login_ShouldNotLoginNonExistingUser" />
    </UnitTest>
    <UnitTest name="SkiServiceAPI.Tests.GenericControllerTests.Get_ShouldMapToAdminResposeDTO" storage="c:\github\295-ski-service-management\skiserviceapi.tests\bin\debug\net7.0\skiserviceapi.tests.dll" id="d623e7cd-648b-decf-b41c-cb9800db6aa4">
      <Execution id="a54a9f5a-47e9-413e-9ad3-9e7d79d53946" />
      <TestMethod codeBase="C:\Github\295-ski-service-management\SkiServiceAPI.Tests\bin\Debug\net7.0\SkiServiceAPI.Tests.dll" adapterTypeName="executor://xunit/VsTestRunner2/netcoreapp" className="SkiServiceAPI.Tests.GenericControllerTests" name="Get_ShouldMapToAdminResposeDTO" />
    </UnitTest>
    <UnitTest name="SkiServiceAPI.Tests.GenericControllerTests.GetAll_ShouldHideDeletedToUser" storage="c:\github\295-ski-service-management\skiserviceapi.tests\bin\debug\net7.0\skiserviceapi.tests.dll" id="fec5d9f6-a5e9-2810-1d64-1189cdd18e87">
      <Execution id="bd215c7a-813c-4970-94b7-40639adb5880" />
      <TestMethod codeBase="C:\Github\295-ski-service-management\SkiServiceAPI.Tests\bin\Debug\net7.0\SkiServiceAPI.Tests.dll" adapterTypeName="executor://xunit/VsTestRunner2/netcoreapp" className="SkiServiceAPI.Tests.GenericControllerTests" name="GetAll_ShouldHideDeletedToUser" />
    </UnitTest>
    <UnitTest name="SkiServiceAPI.Tests.OrdersControllerTests.GetByUser_ShouldReturnOnlyOrdersWithThatUser" storage="c:\github\295-ski-service-management\skiserviceapi.tests\bin\debug\net7.0\skiserviceapi.tests.dll" id="32cf528f-da9c-fcab-7223-0f47ea7afa96">
      <Execution id="20b1d69b-e855-4172-b02f-f548dad9fdf1" />
      <TestMethod codeBase="C:\Github\295-ski-service-management\SkiServiceAPI.Tests\bin\Debug\net7.0\SkiServiceAPI.Tests.dll" adapterTypeName="executor://xunit/VsTestRunner2/netcoreapp" className="SkiServiceAPI.Tests.OrdersControllerTests" name="GetByUser_ShouldReturnOnlyOrdersWithThatUser" />
    </UnitTest>
  </TestDefinitions>
  <TestEntries>
    <TestEntry testId="206265fd-cb49-a9a3-4d2e-597676904ce7" executionId="5741f58b-9216-4c9d-8c56-c5e6b82b5e11" testListId="8c84fa94-04c1-424b-9868-57a2d4851a1d" />
    <TestEntry testId="d623e7cd-648b-decf-b41c-cb9800db6aa4" executionId="a54a9f5a-47e9-413e-9ad3-9e7d79d53946" testListId="8c84fa94-04c1-424b-9868-57a2d4851a1d" />
    <TestEntry testId="5c1a80d6-6305-e65f-7538-f60f5b1c4dd7" executionId="6944ad71-c7c5-4e43-bded-407185cc5d18" testListId="8c84fa94-04c1-424b-9868-57a2d4851a1d" />
    <TestEntry testId="45c163c0-40aa-4a08-1ed9-31137da4c7a9" executionId="2543edf8-51a4-460b-b85f-17b8b63e4753" testListId="8c84fa94-04c1-424b-9868-57a2d4851a1d" />
    <TestEntry testId="b1eb1ebe-19ae-e6df-d8cf-55ce722238c7" executionId="d3c77916-b785-48e7-b0f1-a579afc837b1" testListId="8c84fa94-04c1-424b-9868-57a2d4851a1d" />
    <TestEntry testId="8657fc2f-1b41-c5a3-5c85-7e2b3e7d0dbb" executionId="05205f28-80c5-41a3-acfe-d925f2764f30" testListId="8c84fa94-04c1-424b-9868-57a2d4851a1d" />
    <TestEntry testId="4612f463-c3a5-4d55-7b98-1f6bc3aad446" executionId="b86e812d-5f1e-497e-8671-41d8cba4feb1" testListId="8c84fa94-04c1-424b-9868-57a2d4851a1d" />
    <TestEntry testId="1473e2b0-432d-35bb-eb8f-3217d576f1a9" executionId="c01fd0f7-c6fd-4cba-8e23-4650ce2a6e93" testListId="8c84fa94-04c1-424b-9868-57a2d4851a1d" />
    <TestEntry testId="1526fff8-b650-b56c-26cc-e831ea3c2c7c" executionId="75d7d905-e787-4bfc-a23b-c92d66b5c6ab" testListId="8c84fa94-04c1-424b-9868-57a2d4851a1d" />
    <TestEntry testId="1a23871a-0b57-6713-2267-d4513f8910bd" executionId="bbbcc9f2-696d-47cc-82b0-8cfe01820c32" testListId="8c84fa94-04c1-424b-9868-57a2d4851a1d" />
    <TestEntry testId="3a41762a-5cc4-d71d-db78-2c778597d534" executionId="eab83dc0-bba0-402d-8a49-e2a9578dfc85" testListId="8c84fa94-04c1-424b-9868-57a2d4851a1d" />
    <TestEntry testId="3b02472d-ab2a-6c92-a534-f3980eca8398" executionId="a8b1e749-6a12-4ca1-9aed-88924d82fe1a" testListId="8c84fa94-04c1-424b-9868-57a2d4851a1d" />
    <TestEntry testId="ed57756d-54b7-41e1-09a1-3e087d481c6c" executionId="1d2f4651-3c7b-4610-8c7b-6d151052892b" testListId="8c84fa94-04c1-424b-9868-57a2d4851a1d" />
    <TestEntry testId="d2a706ae-bcf8-0504-54b6-6554db6c4ee6" executionId="e250c17f-6fdd-493f-8768-798831442b2d" testListId="8c84fa94-04c1-424b-9868-57a2d4851a1d" />
    <TestEntry testId="db0f24ea-73fe-b9b5-8a96-b005d381d753" executionId="8f654662-b661-42b1-a870-27dd71ebdb0d" testListId="8c84fa94-04c1-424b-9868-57a2d4851a1d" />
    <TestEntry testId="29df0212-8947-f8ba-8e12-145ee1538be8" executionId="4d8b4eed-42b8-472f-a043-fb496c190f05" testListId="8c84fa94-04c1-424b-9868-57a2d4851a1d" />
    <TestEntry testId="8f16a584-a877-033e-4830-9137a8ed2b4a" executionId="8776086a-6602-4628-ad4d-4bb84f6d53ac" testListId="8c84fa94-04c1-424b-9868-57a2d4851a1d" />
    <TestEntry testId="bc89e973-9e08-1f5c-61bb-1a04022fdde3" executionId="d6008b90-15cc-4e2a-b181-5dbe0c0878c4" testListId="8c84fa94-04c1-424b-9868-57a2d4851a1d" />
    <TestEntry testId="fec5d9f6-a5e9-2810-1d64-1189cdd18e87" executionId="bd215c7a-813c-4970-94b7-40639adb5880" testListId="8c84fa94-04c1-424b-9868-57a2d4851a1d" />
    <TestEntry testId="0b9f87e2-c6a5-53be-3d27-6dcc0874ec83" executionId="e5da5255-7bfa-4478-bf72-898a9ce00377" testListId="8c84fa94-04c1-424b-9868-57a2d4851a1d" />
    <TestEntry testId="7e918a19-bfc9-0e83-b628-e23e971e3500" executionId="73c9613e-af95-4b5f-8795-462b7295c0d9" testListId="8c84fa94-04c1-424b-9868-57a2d4851a1d" />
    <TestEntry testId="0aedf7c8-dd3a-381c-e299-22a99bbbaef0" executionId="7d365a7f-f625-456c-9f66-795b4cd3de4a" testListId="8c84fa94-04c1-424b-9868-57a2d4851a1d" />
    <TestEntry testId="af99ed4f-5cc0-cc04-8ad2-fae4a2dcb28b" executionId="3e853a3c-7201-4893-8b6c-f4cab4bf0259" testListId="8c84fa94-04c1-424b-9868-57a2d4851a1d" />
    <TestEntry testId="d65648bf-b8ed-2629-f62e-8506d2e78213" executionId="b5ea9907-c28f-4f6c-af03-be3fd3687a46" testListId="8c84fa94-04c1-424b-9868-57a2d4851a1d" />
    <TestEntry testId="12747f8d-7e1c-a15f-740e-7f08300e0b23" executionId="33db182b-da2d-486d-b14f-c7730a745d1c" testListId="8c84fa94-04c1-424b-9868-57a2d4851a1d" />
    <TestEntry testId="cbbd55f9-dd77-5c5d-171b-032f5aaa3688" executionId="69bb3c7d-db60-4838-a2e6-14e46110e1ad" testListId="8c84fa94-04c1-424b-9868-57a2d4851a1d" />
    <TestEntry testId="f154f6db-bcc3-903e-1f96-f913c393c359" executionId="bf8fab37-495e-4487-a665-7dda6c98ded5" testListId="8c84fa94-04c1-424b-9868-57a2d4851a1d" />
    <TestEntry testId="efc784ad-f3d4-f122-e66f-8d1f6ca9e1e5" executionId="1c3f7423-60ce-4039-9973-3a35f360559e" testListId="8c84fa94-04c1-424b-9868-57a2d4851a1d" />
    <TestEntry testId="3626a6c5-9c9f-f77b-1b8f-cfb56bb19710" executionId="dd8b28e8-e332-45bb-844d-59f56587398b" testListId="8c84fa94-04c1-424b-9868-57a2d4851a1d" />
    <TestEntry testId="62ac7bf9-c226-946e-3d2f-0915c962bd08" executionId="fd24b304-88b0-4485-b3ca-c05e32fcbc7e" testListId="8c84fa94-04c1-424b-9868-57a2d4851a1d" />
    <TestEntry testId="d93e5b8b-81b2-bb75-2adf-7d028de467c3" executionId="6d7c00b9-3d0f-4e3e-af70-e1cfcdaaa433" testListId="8c84fa94-04c1-424b-9868-57a2d4851a1d" />
    <TestEntry testId="9d9b7076-cff4-8f08-8ee5-7646c7c05abe" executionId="bcbc6143-5f6a-47d6-a0a0-9e025608fa07" testListId="8c84fa94-04c1-424b-9868-57a2d4851a1d" />
    <TestEntry testId="c3142209-7910-8ae0-a73d-a7638f4bffb8" executionId="66b89009-34a1-48e5-b255-ede824800985" testListId="8c84fa94-04c1-424b-9868-57a2d4851a1d" />
    <TestEntry testId="45007779-7589-58e7-a1dd-d36cb88c06b5" executionId="9de36cfa-03ec-4e81-85bc-c0338d27b7ae" testListId="8c84fa94-04c1-424b-9868-57a2d4851a1d" />
    <TestEntry testId="32cf528f-da9c-fcab-7223-0f47ea7afa96" executionId="20b1d69b-e855-4172-b02f-f548dad9fdf1" testListId="8c84fa94-04c1-424b-9868-57a2d4851a1d" />
    <TestEntry testId="a3298236-967d-1aa6-8070-9e84191c23d9" executionId="9118e026-549e-47b2-adfe-5a218a096aed" testListId="8c84fa94-04c1-424b-9868-57a2d4851a1d" />
    <TestEntry testId="33f94b8f-2554-a825-2aff-fab07a9c24e6" executionId="586a2c2d-6320-4c5a-bab3-f4408eeb8bf5" testListId="8c84fa94-04c1-424b-9868-57a2d4851a1d" />
  </TestEntries>
  <TestLists>
    <TestList name="Ergebnisse nicht in einer Liste" id="8c84fa94-04c1-424b-9868-57a2d4851a1d" />
    <TestList name="Alle geladenen Ergebnisse" id="19431567-8539-422a-85d7-44ee4e166bda" />
  </TestLists>
  <ResultSummary outcome="Completed">
    <Counters total="37" executed="37" passed="37" failed="0" error="0" timeout="0" aborted="0" inconclusive="0" passedButRunAborted="0" notRunnable="0" notExecuted="0" disconnected="0" warning="0" completed="0" inProgress="0" pending="0" />
    <Output>
      <StdOut>[xUnit.net 00:00:00.00] xUnit.net VSTest Adapter v2.4.5+1caef2f33e (64-bit .NET 7.0.13)&#xD;
[xUnit.net 00:00:01.16]   Discovering: SkiServiceAPI.Tests&#xD;
[xUnit.net 00:00:01.19]   Discovered:  SkiServiceAPI.Tests&#xD;
[xUnit.net 00:00:01.19]   Starting:    SkiServiceAPI.Tests&#xD;
[xUnit.net 00:00:02.41]   Finished:    SkiServiceAPI.Tests&#xD;
</StdOut>
    </Output>
  </ResultSummary>
</TestRun>